# JRE version: Java(TM) SE Runtime Environment (13.0.2+8) (build 13.0.2+8)
# Java VM: Java HotSpot(TM) 64-Bit Server VM (13.0.2+8, mixed mode, sharing, tiered, compressed oops, g1 gc, windows-amd64)
Heap:
 garbage-first heap   total 462848K, used 157696K [0x00000000a0000000, 0x0000000100000000)
  region size 1024K, 2 young (2048K), 2 survivors (2048K)
 Metaspace       used 123618K, capacity 127186K, committed 127360K, reserved 1161216K
  class space    used 15248K, capacity 16494K, committed 16512K, reserved 1048576K
GC Heap History (20 events):
Event: 2810.347 GC heap after
{Heap after GC invocations=147 (full 0):
 garbage-first heap   total 263168K, used 117229K [0x00000000a0000000, 0x0000000100000000)
  region size 1024K, 5 young (5120K), 5 survivors (5120K)
 Metaspace       used 122817K, capacity 126382K, committed 126592K, reserved 1159168K
  class space    used 15178K, capacity 16407K, committed 16512K, reserved 1048576K
}
Event: 2811.226 GC heap before
{Heap before GC invocations=148 (full 0):
 garbage-first heap   total 263168K, used 135661K [0x00000000a0000000, 0x0000000100000000)
  region size 1024K, 24 young (24576K), 5 survivors (5120K)
 Metaspace       used 122822K, capacity 126382K, committed 126592K, reserved 1159168K
  class space    used 15178K, capacity 16407K, committed 16512K, reserved 1048576K
}
Event: 2811.253 GC heap after
{Heap after GC invocations=149 (full 0):
 garbage-first heap   total 263168K, used 117983K [0x00000000a0000000, 0x0000000100000000)
  region size 1024K, 6 young (6144K), 6 survivors (6144K)
 Metaspace       used 122822K, capacity 126382K, committed 126592K, reserved 1159168K
  class space    used 15178K, capacity 16407K, committed 16512K, reserved 1048576K
}
Event: 2814.826 GC heap before
{Heap before GC invocations=150 (full 0):
 garbage-first heap   total 263168K, used 217311K [0x00000000a0000000, 0x0000000100000000)
  region size 1024K, 102 young (104448K), 6 survivors (6144K)
 Metaspace       used 122846K, capacity 126448K, committed 126592K, reserved 1159168K
  class space    used 15178K, capacity 16407K, committed 16512K, reserved 1048576K
}
Event: 2814.843 GC heap after
{Heap after GC invocations=151 (full 0):
 garbage-first heap   total 263168K, used 114269K [0x00000000a0000000, 0x0000000100000000)
  region size 1024K, 2 young (2048K), 2 survivors (2048K)
 Metaspace       used 122846K, capacity 126448K, committed 126592K, reserved 1159168K
  class space    used 15178K, capacity 16407K, committed 16512K, reserved 1048576K
}
Event: 2816.015 GC heap before
{Heap before GC invocations=151 (full 0):
 garbage-first heap   total 263168K, used 218717K [0x00000000a0000000, 0x0000000100000000)
  region size 1024K, 104 young (106496K), 2 survivors (2048K)
 Metaspace       used 122856K, capacity 126452K, committed 126592K, reserved 1159168K
  class space    used 15178K, capacity 16408K, committed 16512K, reserved 1048576K
}
Event: 2816.034 GC heap after
{Heap after GC invocations=152 (full 0):
 garbage-first heap   total 263168K, used 115562K [0x00000000a0000000, 0x0000000100000000)
  region size 1024K, 4 young (4096K), 4 survivors (4096K)
 Metaspace       used 122856K, capacity 126452K, committed 126592K, reserved 1159168K
  class space    used 15178K, capacity 16408K, committed 16512K, reserved 1048576K
}
Event: 2817.406 GC heap before
{Heap before GC invocations=153 (full 0):
 garbage-first heap   total 263168K, used 220010K [0x00000000a0000000, 0x0000000100000000)
  region size 1024K, 106 young (108544K), 4 survivors (4096K)
 Metaspace       used 122863K, capacity 126457K, committed 126592K, reserved 1159168K
  class space    used 15179K, capacity 16409K, committed 16512K, reserved 1048576K
}
Event: 2817.423 GC heap after
{Heap after GC invocations=154 (full 0):
 garbage-first heap   total 263168K, used 115144K [0x00000000a0000000, 0x0000000100000000)
  region size 1024K, 3 young (3072K), 3 survivors (3072K)
 Metaspace       used 122863K, capacity 126457K, committed 126592K, reserved 1159168K
  class space    used 15179K, capacity 16409K, committed 16512K, reserved 1048576K
}
Event: 2817.506 GC heap before
{Heap before GC invocations=154 (full 0):
 garbage-first heap   total 263168K, used 124360K [0x00000000a0000000, 0x0000000100000000)
  region size 1024K, 12 young (12288K), 3 survivors (3072K)
 Metaspace       used 122863K, capacity 126457K, committed 126592K, reserved 1159168K
  class space    used 15179K, capacity 16409K, committed 16512K, reserved 1048576K
}
Event: 2817.632 GC heap after
{Heap after GC invocations=155 (full 0):
 garbage-first heap   total 263168K, used 100824K [0x00000000a0000000, 0x0000000100000000)
  region size 1024K, 1 young (1024K), 1 survivors (1024K)
 Metaspace       used 122863K, capacity 126457K, committed 126592K, reserved 1159168K
  class space    used 15179K, capacity 16409K, committed 16512K, reserved 1048576K
}
Event: 2821.227 GC heap before
{Heap before GC invocations=155 (full 0):
 garbage-first heap   total 263168K, used 224728K [0x00000000a0000000, 0x0000000100000000)
  region size 1024K, 114 young (116736K), 1 survivors (1024K)
 Metaspace       used 123586K, capacity 127180K, committed 127360K, reserved 1161216K
  class space    used 15247K, capacity 16493K, committed 16512K, reserved 1048576K
}
Event: 2821.367 GC heap after
{Heap after GC invocations=156 (full 0):
 garbage-first heap   total 263168K, used 135680K [0x00000000a0000000, 0x0000000100000000)
  region size 1024K, 15 young (15360K), 15 survivors (15360K)
 Metaspace       used 123586K, capacity 127180K, committed 127360K, reserved 1161216K
  class space    used 15247K, capacity 16493K, committed 16512K, reserved 1048576K
}
Event: 2821.533 GC heap before
{Heap before GC invocations=156 (full 0):
 garbage-first heap   total 263168K, used 142848K [0x00000000a0000000, 0x0000000100000000)
  region size 1024K, 24 young (24576K), 15 survivors (15360K)
 Metaspace       used 123586K, capacity 127180K, committed 127360K, reserved 1161216K
  class space    used 15247K, capacity 16493K, committed 16512K, reserved 1048576K
}
Event: 2821.696 GC heap after
{Heap after GC invocations=157 (full 0):
 garbage-first heap   total 263168K, used 137216K [0x00000000a0000000, 0x0000000100000000)
  region size 1024K, 1 young (1024K), 1 survivors (1024K)
 Metaspace       used 123586K, capacity 127180K, committed 127360K, reserved 1161216K
  class space    used 15247K, capacity 16493K, committed 16512K, reserved 1048576K
}
Event: 2822.898 GC heap before
{Heap before GC invocations=158 (full 0):
 garbage-first heap   total 263168K, used 154624K [0x00000000a0000000, 0x0000000100000000)
  region size 1024K, 16 young (16384K), 1 survivors (1024K)
 Metaspace       used 123600K, capacity 127186K, committed 127360K, reserved 1161216K
  class space    used 15247K, capacity 16494K, committed 16512K, reserved 1048576K
}
Event: 2822.909 GC heap after
{Heap after GC invocations=159 (full 0):
 garbage-first heap   total 263168K, used 135682K [0x00000000a0000000, 0x0000000100000000)
  region size 1024K, 1 young (1024K), 1 survivors (1024K)
 Metaspace       used 123600K, capacity 127186K, committed 127360K, reserved 1161216K
  class space    used 15247K, capacity 16494K, committed 16512K, reserved 1048576K
}
Event: 2824.623 GC heap before
{Heap before GC invocations=160 (full 0):
 garbage-first heap   total 263168K, used 188930K [0x00000000a0000000, 0x0000000100000000)
  region size 1024K, 52 young (53248K), 1 survivors (1024K)
 Metaspace       used 123618K, capacity 127186K, committed 127360K, reserved 1161216K
  class space    used 15248K, capacity 16494K, committed 16512K, reserved 1048576K
}
Event: 2824.727 GC heap after
{Heap after GC invocations=161 (full 0):
 garbage-first heap   total 263168K, used 154587K [0x00000000a0000000, 0x0000000100000000)
  region size 1024K, 7 young (7168K), 7 survivors (7168K)
 Metaspace       used 123618K, capacity 127186K, committed 127360K, reserved 1161216K
  class space    used 15248K, capacity 16494K, committed 16512K, reserved 1048576K
}
Event: 2824.869 GC heap before
{Heap before GC invocations=161 (full 0):
 garbage-first heap   total 263168K, used 159707K [0x00000000a0000000, 0x0000000100000000)
  region size 1024K, 12 young (12288K), 7 survivors (7168K)
 Metaspace       used 123618K, capacity 127186K, committed 127360K, reserved 1161216K
  class space    used 15248K, capacity 16494K, committed 16512K, reserved 1048576K
}

